[2024-12-24T08:10:09.379+0000] {taskinstance.py:1159} INFO - Dependencies all met for dep_context=non-requeueable deps ti=<TaskInstance: user_automation.stream_data_from_api manual__2024-12-24T08:04:58.692129+00:00 [queued]>
[2024-12-24T08:10:09.383+0000] {taskinstance.py:1159} INFO - Dependencies all met for dep_context=requeueable deps ti=<TaskInstance: user_automation.stream_data_from_api manual__2024-12-24T08:04:58.692129+00:00 [queued]>
[2024-12-24T08:10:09.383+0000] {taskinstance.py:1361} INFO - Starting attempt 1 of 1
[2024-12-24T08:10:09.388+0000] {taskinstance.py:1382} INFO - Executing <Task(PythonOperator): stream_data_from_api> on 2024-12-24 08:04:58.692129+00:00
[2024-12-24T08:10:09.391+0000] {standard_task_runner.py:57} INFO - Started process 97 to run task
[2024-12-24T08:10:09.397+0000] {standard_task_runner.py:84} INFO - Running: ['***', 'tasks', 'run', 'user_automation', 'stream_data_from_api', 'manual__2024-12-24T08:04:58.692129+00:00', '--job-id', '3', '--raw', '--subdir', 'DAGS_FOLDER/kafka_stream.py', '--cfg-path', '/tmp/tmp2seca_mb']
[2024-12-24T08:10:09.399+0000] {standard_task_runner.py:85} INFO - Job 3: Subtask stream_data_from_api
[2024-12-24T08:10:09.431+0000] {task_command.py:415} INFO - Running <TaskInstance: user_automation.stream_data_from_api manual__2024-12-24T08:04:58.692129+00:00 [running]> on host 0f04ccbaeb43
[2024-12-24T08:10:09.494+0000] {taskinstance.py:1660} INFO - Exporting env vars: AIRFLOW_CTX_DAG_OWNER='airscholar' AIRFLOW_CTX_DAG_ID='user_automation' AIRFLOW_CTX_TASK_ID='stream_data_from_api' AIRFLOW_CTX_EXECUTION_DATE='2024-12-24T08:04:58.692129+00:00' AIRFLOW_CTX_TRY_NUMBER='1' AIRFLOW_CTX_DAG_RUN_ID='manual__2024-12-24T08:04:58.692129+00:00'
[2024-12-24T08:10:09.544+0000] {conn.py:380} INFO - <BrokerConnection node_id=bootstrap-0 host=broker:29092 <connecting> [IPv4 ('172.19.0.8', 29092)]>: connecting to broker:29092 [('172.19.0.8', 29092) IPv4]
[2024-12-24T08:10:09.545+0000] {conn.py:1205} INFO - Probing node bootstrap-0 broker version
[2024-12-24T08:10:09.545+0000] {conn.py:410} INFO - <BrokerConnection node_id=bootstrap-0 host=broker:29092 <connecting> [IPv4 ('172.19.0.8', 29092)]>: Connection complete.
[2024-12-24T08:10:09.655+0000] {conn.py:1267} INFO - Broker version identified as 2.5.0
[2024-12-24T08:10:09.655+0000] {conn.py:1268} INFO - Set configuration api_version=(2, 5, 0) to skip auto check_version requests on startup
[2024-12-24T08:10:10.393+0000] {logging_mixin.py:151} INFO - Record Inserted !!
[2024-12-24T08:10:10.396+0000] {conn.py:380} INFO - <BrokerConnection node_id=1 host=broker:29092 <connecting> [IPv4 ('172.19.0.8', 29092)]>: connecting to broker:29092 [('172.19.0.8', 29092) IPv4]
[2024-12-24T08:10:10.399+0000] {conn.py:410} INFO - <BrokerConnection node_id=1 host=broker:29092 <connecting> [IPv4 ('172.19.0.8', 29092)]>: Connection complete.
[2024-12-24T08:10:10.399+0000] {conn.py:919} INFO - <BrokerConnection node_id=bootstrap-0 host=broker:29092 <connected> [IPv4 ('172.19.0.8', 29092)]>: Closing connection. 
[2024-12-24T08:10:11.010+0000] {logging_mixin.py:151} INFO - Record Inserted !!
[2024-12-24T08:10:11.649+0000] {logging_mixin.py:151} INFO - Record Inserted !!
[2024-12-24T08:10:12.257+0000] {logging_mixin.py:151} INFO - Record Inserted !!
[2024-12-24T08:10:12.865+0000] {logging_mixin.py:151} INFO - Record Inserted !!
[2024-12-24T08:10:13.494+0000] {logging_mixin.py:151} INFO - Record Inserted !!
[2024-12-24T08:10:14.120+0000] {logging_mixin.py:151} INFO - Record Inserted !!
[2024-12-24T08:10:15.174+0000] {logging_mixin.py:151} INFO - Record Inserted !!
[2024-12-24T08:10:15.820+0000] {logging_mixin.py:151} INFO - Record Inserted !!
[2024-12-24T08:10:16.469+0000] {logging_mixin.py:151} INFO - Record Inserted !!
[2024-12-24T08:10:17.086+0000] {logging_mixin.py:151} INFO - Record Inserted !!
[2024-12-24T08:10:17.722+0000] {logging_mixin.py:151} INFO - Record Inserted !!
[2024-12-24T08:10:18.912+0000] {logging_mixin.py:151} INFO - Record Inserted !!
[2024-12-24T08:10:19.521+0000] {logging_mixin.py:151} INFO - Record Inserted !!
[2024-12-24T08:10:20.137+0000] {logging_mixin.py:151} INFO - Record Inserted !!
[2024-12-24T08:10:20.733+0000] {logging_mixin.py:151} INFO - Record Inserted !!
[2024-12-24T08:10:21.621+0000] {logging_mixin.py:151} INFO - Record Inserted !!
[2024-12-24T08:10:22.244+0000] {logging_mixin.py:151} INFO - Record Inserted !!
[2024-12-24T08:10:22.890+0000] {logging_mixin.py:151} INFO - Record Inserted !!
[2024-12-24T08:10:23.501+0000] {logging_mixin.py:151} INFO - Record Inserted !!
[2024-12-24T08:10:24.149+0000] {logging_mixin.py:151} INFO - Record Inserted !!
[2024-12-24T08:10:24.819+0000] {logging_mixin.py:151} INFO - Record Inserted !!
[2024-12-24T08:10:25.432+0000] {logging_mixin.py:151} INFO - Record Inserted !!
[2024-12-24T08:10:26.056+0000] {logging_mixin.py:151} INFO - Record Inserted !!
[2024-12-24T08:10:26.686+0000] {logging_mixin.py:151} INFO - Record Inserted !!
[2024-12-24T08:10:27.309+0000] {logging_mixin.py:151} INFO - Record Inserted !!
[2024-12-24T08:10:27.976+0000] {logging_mixin.py:151} INFO - Record Inserted !!
[2024-12-24T08:10:28.590+0000] {logging_mixin.py:151} INFO - Record Inserted !!
[2024-12-24T08:10:29.214+0000] {logging_mixin.py:151} INFO - Record Inserted !!
[2024-12-24T08:10:29.809+0000] {logging_mixin.py:151} INFO - Record Inserted !!
[2024-12-24T08:10:30.423+0000] {logging_mixin.py:151} INFO - Record Inserted !!
[2024-12-24T08:10:31.033+0000] {logging_mixin.py:151} INFO - Record Inserted !!
[2024-12-24T08:10:31.785+0000] {logging_mixin.py:151} INFO - Record Inserted !!
[2024-12-24T08:10:32.437+0000] {logging_mixin.py:151} INFO - Record Inserted !!
[2024-12-24T08:10:33.106+0000] {logging_mixin.py:151} INFO - Record Inserted !!
[2024-12-24T08:10:33.723+0000] {logging_mixin.py:151} INFO - Record Inserted !!
[2024-12-24T08:10:34.519+0000] {logging_mixin.py:151} INFO - Record Inserted !!
[2024-12-24T08:10:35.137+0000] {logging_mixin.py:151} INFO - Record Inserted !!
[2024-12-24T08:10:35.905+0000] {logging_mixin.py:151} INFO - Record Inserted !!
[2024-12-24T08:10:36.509+0000] {logging_mixin.py:151} INFO - Record Inserted !!
[2024-12-24T08:10:37.123+0000] {logging_mixin.py:151} INFO - Record Inserted !!
[2024-12-24T08:10:37.716+0000] {logging_mixin.py:151} INFO - Record Inserted !!
[2024-12-24T08:10:38.338+0000] {logging_mixin.py:151} INFO - Record Inserted !!
[2024-12-24T08:10:38.953+0000] {logging_mixin.py:151} INFO - Record Inserted !!
[2024-12-24T08:10:39.569+0000] {logging_mixin.py:151} INFO - Record Inserted !!
[2024-12-24T08:10:40.177+0000] {logging_mixin.py:151} INFO - Record Inserted !!
[2024-12-24T08:10:40.932+0000] {logging_mixin.py:151} INFO - Record Inserted !!
[2024-12-24T08:10:41.515+0000] {logging_mixin.py:151} INFO - Record Inserted !!
[2024-12-24T08:10:42.115+0000] {logging_mixin.py:151} INFO - Record Inserted !!
[2024-12-24T08:10:42.758+0000] {logging_mixin.py:151} INFO - Record Inserted !!
[2024-12-24T08:10:43.384+0000] {logging_mixin.py:151} INFO - Record Inserted !!
[2024-12-24T08:10:44.112+0000] {logging_mixin.py:151} INFO - Record Inserted !!
[2024-12-24T08:10:44.748+0000] {logging_mixin.py:151} INFO - Record Inserted !!
[2024-12-24T08:10:45.366+0000] {logging_mixin.py:151} INFO - Record Inserted !!
[2024-12-24T08:10:46.003+0000] {logging_mixin.py:151} INFO - Record Inserted !!
[2024-12-24T08:10:46.628+0000] {logging_mixin.py:151} INFO - Record Inserted !!
[2024-12-24T08:10:47.247+0000] {logging_mixin.py:151} INFO - Record Inserted !!
[2024-12-24T08:10:47.863+0000] {logging_mixin.py:151} INFO - Record Inserted !!
[2024-12-24T08:10:48.466+0000] {logging_mixin.py:151} INFO - Record Inserted !!
[2024-12-24T08:10:49.085+0000] {logging_mixin.py:151} INFO - Record Inserted !!
[2024-12-24T08:10:49.710+0000] {logging_mixin.py:151} INFO - Record Inserted !!
[2024-12-24T08:10:50.319+0000] {logging_mixin.py:151} INFO - Record Inserted !!
[2024-12-24T08:10:51.773+0000] {logging_mixin.py:151} INFO - Record Inserted !!
[2024-12-24T08:10:52.409+0000] {logging_mixin.py:151} INFO - Record Inserted !!
[2024-12-24T08:10:53.133+0000] {logging_mixin.py:151} INFO - Record Inserted !!
[2024-12-24T08:10:53.758+0000] {logging_mixin.py:151} INFO - Record Inserted !!
[2024-12-24T08:10:54.371+0000] {logging_mixin.py:151} INFO - Record Inserted !!
[2024-12-24T08:10:54.991+0000] {logging_mixin.py:151} INFO - Record Inserted !!
[2024-12-24T08:10:55.591+0000] {logging_mixin.py:151} INFO - Record Inserted !!
[2024-12-24T08:10:56.201+0000] {logging_mixin.py:151} INFO - Record Inserted !!
[2024-12-24T08:10:56.809+0000] {logging_mixin.py:151} INFO - Record Inserted !!
[2024-12-24T08:10:57.442+0000] {logging_mixin.py:151} INFO - Record Inserted !!
[2024-12-24T08:10:58.091+0000] {logging_mixin.py:151} INFO - Record Inserted !!
[2024-12-24T08:10:58.709+0000] {logging_mixin.py:151} INFO - Record Inserted !!
[2024-12-24T08:10:59.334+0000] {logging_mixin.py:151} INFO - Record Inserted !!
[2024-12-24T08:10:59.978+0000] {logging_mixin.py:151} INFO - Record Inserted !!
[2024-12-24T08:11:00.652+0000] {logging_mixin.py:151} INFO - Record Inserted !!
[2024-12-24T08:11:01.453+0000] {logging_mixin.py:151} INFO - Record Inserted !!
[2024-12-24T08:11:02.270+0000] {logging_mixin.py:151} INFO - Record Inserted !!
[2024-12-24T08:11:02.898+0000] {logging_mixin.py:151} INFO - Record Inserted !!
[2024-12-24T08:11:03.534+0000] {logging_mixin.py:151} INFO - Record Inserted !!
[2024-12-24T08:11:04.165+0000] {logging_mixin.py:151} INFO - Record Inserted !!
[2024-12-24T08:11:04.762+0000] {logging_mixin.py:151} INFO - Record Inserted !!
[2024-12-24T08:11:05.341+0000] {logging_mixin.py:151} INFO - Record Inserted !!
[2024-12-24T08:11:05.935+0000] {logging_mixin.py:151} INFO - Record Inserted !!
[2024-12-24T08:11:06.550+0000] {logging_mixin.py:151} INFO - Record Inserted !!
[2024-12-24T08:11:07.153+0000] {logging_mixin.py:151} INFO - Record Inserted !!
[2024-12-24T08:11:07.977+0000] {logging_mixin.py:151} INFO - Record Inserted !!
[2024-12-24T08:11:08.634+0000] {logging_mixin.py:151} INFO - Record Inserted !!
[2024-12-24T08:11:09.252+0000] {logging_mixin.py:151} INFO - Record Inserted !!
[2024-12-24T08:11:09.871+0000] {logging_mixin.py:151} INFO - Record Inserted !!
[2024-12-24T08:11:10.568+0000] {logging_mixin.py:151} INFO - Record Inserted !!
[2024-12-24T08:11:11.201+0000] {logging_mixin.py:151} INFO - Record Inserted !!
[2024-12-24T08:11:11.836+0000] {logging_mixin.py:151} INFO - Record Inserted !!
[2024-12-24T08:11:12.461+0000] {logging_mixin.py:151} INFO - Record Inserted !!
[2024-12-24T08:11:13.085+0000] {logging_mixin.py:151} INFO - Record Inserted !!
[2024-12-24T08:11:13.752+0000] {logging_mixin.py:151} INFO - Record Inserted !!
[2024-12-24T08:11:14.370+0000] {logging_mixin.py:151} INFO - Record Inserted !!
[2024-12-24T08:11:14.983+0000] {logging_mixin.py:151} INFO - Record Inserted !!
[2024-12-24T08:11:15.603+0000] {logging_mixin.py:151} INFO - Record Inserted !!
[2024-12-24T08:11:16.702+0000] {logging_mixin.py:151} INFO - Record Inserted !!
[2024-12-24T08:11:17.325+0000] {logging_mixin.py:151} INFO - Record Inserted !!
[2024-12-24T08:11:17.961+0000] {logging_mixin.py:151} INFO - Record Inserted !!
[2024-12-24T08:11:18.574+0000] {logging_mixin.py:151} INFO - Record Inserted !!
[2024-12-24T08:11:19.239+0000] {logging_mixin.py:151} INFO - Record Inserted !!
[2024-12-24T08:11:19.879+0000] {logging_mixin.py:151} INFO - Record Inserted !!
[2024-12-24T08:11:20.480+0000] {logging_mixin.py:151} INFO - Record Inserted !!
[2024-12-24T08:11:21.074+0000] {logging_mixin.py:151} INFO - Record Inserted !!
[2024-12-24T08:11:21.732+0000] {logging_mixin.py:151} INFO - Record Inserted !!
[2024-12-24T08:11:22.373+0000] {logging_mixin.py:151} INFO - Record Inserted !!
[2024-12-24T08:11:23.090+0000] {logging_mixin.py:151} INFO - Record Inserted !!
[2024-12-24T08:11:24.477+0000] {logging_mixin.py:151} INFO - Record Inserted !!
[2024-12-24T08:11:25.090+0000] {logging_mixin.py:151} INFO - Record Inserted !!
[2024-12-24T08:11:25.704+0000] {logging_mixin.py:151} INFO - Record Inserted !!
[2024-12-24T08:11:26.337+0000] {logging_mixin.py:151} INFO - Record Inserted !!
[2024-12-24T08:11:26.948+0000] {logging_mixin.py:151} INFO - Record Inserted !!
[2024-12-24T08:11:27.560+0000] {logging_mixin.py:151} INFO - Record Inserted !!
[2024-12-24T08:11:28.199+0000] {logging_mixin.py:151} INFO - Record Inserted !!
[2024-12-24T08:11:28.829+0000] {logging_mixin.py:151} INFO - Record Inserted !!
[2024-12-24T08:11:29.468+0000] {logging_mixin.py:151} INFO - Record Inserted !!
[2024-12-24T08:11:30.081+0000] {logging_mixin.py:151} INFO - Record Inserted !!
[2024-12-24T08:11:30.680+0000] {logging_mixin.py:151} INFO - Record Inserted !!
[2024-12-24T08:11:31.304+0000] {logging_mixin.py:151} INFO - Record Inserted !!
[2024-12-24T08:11:31.938+0000] {logging_mixin.py:151} INFO - Record Inserted !!
[2024-12-24T08:11:32.582+0000] {logging_mixin.py:151} INFO - Record Inserted !!
[2024-12-24T08:11:33.209+0000] {logging_mixin.py:151} INFO - Record Inserted !!
[2024-12-24T08:11:33.832+0000] {logging_mixin.py:151} INFO - Record Inserted !!
[2024-12-24T08:11:34.809+0000] {logging_mixin.py:151} INFO - Record Inserted !!
[2024-12-24T08:11:35.427+0000] {logging_mixin.py:151} INFO - Record Inserted !!
[2024-12-24T08:11:36.054+0000] {logging_mixin.py:151} INFO - Record Inserted !!
[2024-12-24T08:11:36.712+0000] {logging_mixin.py:151} INFO - Record Inserted !!
[2024-12-24T08:11:37.327+0000] {logging_mixin.py:151} INFO - Record Inserted !!
[2024-12-24T08:11:37.953+0000] {logging_mixin.py:151} INFO - Record Inserted !!
[2024-12-24T08:11:38.578+0000] {logging_mixin.py:151} INFO - Record Inserted !!
[2024-12-24T08:11:39.183+0000] {logging_mixin.py:151} INFO - Record Inserted !!
[2024-12-24T08:11:39.900+0000] {logging_mixin.py:151} INFO - Record Inserted !!
[2024-12-24T08:11:40.954+0000] {logging_mixin.py:151} INFO - Record Inserted !!
[2024-12-24T08:11:41.575+0000] {logging_mixin.py:151} INFO - Record Inserted !!
[2024-12-24T08:11:42.252+0000] {logging_mixin.py:151} INFO - Record Inserted !!
[2024-12-24T08:11:42.903+0000] {logging_mixin.py:151} INFO - Record Inserted !!
[2024-12-24T08:11:43.526+0000] {logging_mixin.py:151} INFO - Record Inserted !!
[2024-12-24T08:11:44.143+0000] {logging_mixin.py:151} INFO - Record Inserted !!
[2024-12-24T08:11:44.757+0000] {logging_mixin.py:151} INFO - Record Inserted !!
[2024-12-24T08:11:45.362+0000] {logging_mixin.py:151} INFO - Record Inserted !!
[2024-12-24T08:11:45.963+0000] {logging_mixin.py:151} INFO - Record Inserted !!
[2024-12-24T08:11:46.580+0000] {logging_mixin.py:151} INFO - Record Inserted !!
[2024-12-24T08:11:47.258+0000] {logging_mixin.py:151} INFO - Record Inserted !!
[2024-12-24T08:11:47.844+0000] {logging_mixin.py:151} INFO - Record Inserted !!
[2024-12-24T08:11:48.463+0000] {logging_mixin.py:151} INFO - Record Inserted !!
[2024-12-24T08:11:49.106+0000] {logging_mixin.py:151} INFO - Record Inserted !!
[2024-12-24T08:11:49.740+0000] {logging_mixin.py:151} INFO - Record Inserted !!
[2024-12-24T08:11:50.407+0000] {logging_mixin.py:151} INFO - Record Inserted !!
[2024-12-24T08:11:50.991+0000] {logging_mixin.py:151} INFO - Record Inserted !!
[2024-12-24T08:11:51.616+0000] {logging_mixin.py:151} INFO - Record Inserted !!
[2024-12-24T08:11:52.310+0000] {logging_mixin.py:151} INFO - Record Inserted !!
[2024-12-24T08:11:52.917+0000] {logging_mixin.py:151} INFO - Record Inserted !!
[2024-12-24T08:11:53.513+0000] {logging_mixin.py:151} INFO - Record Inserted !!
[2024-12-24T08:11:54.106+0000] {logging_mixin.py:151} INFO - Record Inserted !!
[2024-12-24T08:11:54.732+0000] {logging_mixin.py:151} INFO - Record Inserted !!
[2024-12-24T08:11:55.331+0000] {logging_mixin.py:151} INFO - Record Inserted !!
[2024-12-24T08:11:55.955+0000] {logging_mixin.py:151} INFO - Record Inserted !!
[2024-12-24T08:11:57.664+0000] {logging_mixin.py:151} INFO - Record Inserted !!
[2024-12-24T08:11:58.293+0000] {logging_mixin.py:151} INFO - Record Inserted !!
[2024-12-24T08:11:58.930+0000] {logging_mixin.py:151} INFO - Record Inserted !!
[2024-12-24T08:11:59.561+0000] {logging_mixin.py:151} INFO - Record Inserted !!
[2024-12-24T08:12:00.190+0000] {logging_mixin.py:151} INFO - Record Inserted !!
[2024-12-24T08:12:00.818+0000] {logging_mixin.py:151} INFO - Record Inserted !!
[2024-12-24T08:12:01.414+0000] {logging_mixin.py:151} INFO - Record Inserted !!
[2024-12-24T08:12:02.006+0000] {logging_mixin.py:151} INFO - Record Inserted !!
[2024-12-24T08:12:02.626+0000] {logging_mixin.py:151} INFO - Record Inserted !!
[2024-12-24T08:12:03.405+0000] {logging_mixin.py:151} INFO - Record Inserted !!
[2024-12-24T08:12:04.080+0000] {logging_mixin.py:151} INFO - Record Inserted !!
[2024-12-24T08:12:05.041+0000] {logging_mixin.py:151} INFO - Record Inserted !!
[2024-12-24T08:12:05.681+0000] {logging_mixin.py:151} INFO - Record Inserted !!
[2024-12-24T08:12:06.297+0000] {logging_mixin.py:151} INFO - Record Inserted !!
[2024-12-24T08:12:07.092+0000] {logging_mixin.py:151} INFO - Record Inserted !!
[2024-12-24T08:12:07.719+0000] {logging_mixin.py:151} INFO - Record Inserted !!
[2024-12-24T08:12:08.328+0000] {logging_mixin.py:151} INFO - Record Inserted !!
[2024-12-24T08:12:08.949+0000] {logging_mixin.py:151} INFO - Record Inserted !!
[2024-12-24T08:12:09.544+0000] {logging_mixin.py:151} INFO - Record Inserted !!
[2024-12-24T08:12:10.167+0000] {logging_mixin.py:151} INFO - Record Inserted !!
[2024-12-24T08:12:10.776+0000] {logging_mixin.py:151} INFO - Record Inserted !!
[2024-12-24T08:12:11.408+0000] {logging_mixin.py:151} INFO - Record Inserted !!
[2024-12-24T08:12:12.038+0000] {logging_mixin.py:151} INFO - Record Inserted !!
[2024-12-24T08:12:12.648+0000] {logging_mixin.py:151} INFO - Record Inserted !!
[2024-12-24T08:12:13.262+0000] {logging_mixin.py:151} INFO - Record Inserted !!
[2024-12-24T08:12:13.877+0000] {logging_mixin.py:151} INFO - Record Inserted !!
[2024-12-24T08:12:14.765+0000] {logging_mixin.py:151} INFO - Record Inserted !!
[2024-12-24T08:12:15.365+0000] {logging_mixin.py:151} INFO - Record Inserted !!
[2024-12-24T08:12:16.006+0000] {logging_mixin.py:151} INFO - Record Inserted !!
[2024-12-24T08:12:17.126+0000] {logging_mixin.py:151} INFO - Record Inserted !!
[2024-12-24T08:12:17.769+0000] {logging_mixin.py:151} INFO - Record Inserted !!
[2024-12-24T08:12:18.411+0000] {logging_mixin.py:151} INFO - Record Inserted !!
[2024-12-24T08:12:19.025+0000] {logging_mixin.py:151} INFO - Record Inserted !!
[2024-12-24T08:12:19.635+0000] {logging_mixin.py:151} INFO - Record Inserted !!
[2024-12-24T08:12:20.290+0000] {logging_mixin.py:151} INFO - Record Inserted !!
[2024-12-24T08:12:21.320+0000] {logging_mixin.py:151} INFO - Record Inserted !!
[2024-12-24T08:12:21.924+0000] {logging_mixin.py:151} INFO - Record Inserted !!
[2024-12-24T08:12:22.540+0000] {logging_mixin.py:151} INFO - Record Inserted !!
[2024-12-24T08:12:23.139+0000] {logging_mixin.py:151} INFO - Record Inserted !!
[2024-12-24T08:12:23.780+0000] {logging_mixin.py:151} INFO - Record Inserted !!
[2024-12-24T08:12:24.370+0000] {logging_mixin.py:151} INFO - Record Inserted !!
[2024-12-24T08:12:25.045+0000] {logging_mixin.py:151} INFO - Record Inserted !!
[2024-12-24T08:12:25.762+0000] {logging_mixin.py:151} INFO - Record Inserted !!
[2024-12-24T08:12:26.381+0000] {logging_mixin.py:151} INFO - Record Inserted !!
[2024-12-24T08:12:26.986+0000] {logging_mixin.py:151} INFO - Record Inserted !!
[2024-12-24T08:12:27.585+0000] {logging_mixin.py:151} INFO - Record Inserted !!
[2024-12-24T08:12:28.181+0000] {logging_mixin.py:151} INFO - Record Inserted !!
[2024-12-24T08:12:29.021+0000] {logging_mixin.py:151} INFO - Record Inserted !!
[2024-12-24T08:12:30.593+0000] {logging_mixin.py:151} INFO - Record Inserted !!
[2024-12-24T08:12:31.218+0000] {logging_mixin.py:151} INFO - Record Inserted !!
[2024-12-24T08:12:31.811+0000] {logging_mixin.py:151} INFO - Record Inserted !!
[2024-12-24T08:12:32.426+0000] {logging_mixin.py:151} INFO - Record Inserted !!
[2024-12-24T08:12:33.055+0000] {logging_mixin.py:151} INFO - Record Inserted !!
[2024-12-24T08:12:33.671+0000] {logging_mixin.py:151} INFO - Record Inserted !!
[2024-12-24T08:12:34.275+0000] {logging_mixin.py:151} INFO - Record Inserted !!
[2024-12-24T08:12:34.872+0000] {logging_mixin.py:151} INFO - Record Inserted !!
[2024-12-24T08:12:35.485+0000] {logging_mixin.py:151} INFO - Record Inserted !!
[2024-12-24T08:12:36.483+0000] {logging_mixin.py:151} INFO - Record Inserted !!
[2024-12-24T08:12:37.120+0000] {logging_mixin.py:151} INFO - Record Inserted !!
[2024-12-24T08:12:37.752+0000] {logging_mixin.py:151} INFO - Record Inserted !!
[2024-12-24T08:12:38.368+0000] {logging_mixin.py:151} INFO - Record Inserted !!
[2024-12-24T08:12:38.979+0000] {logging_mixin.py:151} INFO - Record Inserted !!
[2024-12-24T08:12:39.596+0000] {logging_mixin.py:151} INFO - Record Inserted !!
[2024-12-24T08:12:40.244+0000] {logging_mixin.py:151} INFO - Record Inserted !!
[2024-12-24T08:12:40.913+0000] {logging_mixin.py:151} INFO - Record Inserted !!
[2024-12-24T08:12:41.515+0000] {logging_mixin.py:151} INFO - Record Inserted !!
[2024-12-24T08:12:42.152+0000] {logging_mixin.py:151} INFO - Record Inserted !!
[2024-12-24T08:12:42.784+0000] {logging_mixin.py:151} INFO - Record Inserted !!
[2024-12-24T08:12:43.386+0000] {logging_mixin.py:151} INFO - Record Inserted !!
[2024-12-24T08:12:44.011+0000] {logging_mixin.py:151} INFO - Record Inserted !!
[2024-12-24T08:12:44.841+0000] {logging_mixin.py:151} INFO - Record Inserted !!
[2024-12-24T08:12:45.446+0000] {logging_mixin.py:151} INFO - Record Inserted !!
[2024-12-24T08:12:46.089+0000] {logging_mixin.py:151} INFO - Record Inserted !!
[2024-12-24T08:12:46.965+0000] {logging_mixin.py:151} INFO - Record Inserted !!
[2024-12-24T08:12:47.597+0000] {logging_mixin.py:151} INFO - Record Inserted !!
[2024-12-24T08:12:48.215+0000] {logging_mixin.py:151} INFO - Record Inserted !!
[2024-12-24T08:12:48.826+0000] {logging_mixin.py:151} INFO - Record Inserted !!
[2024-12-24T08:12:49.437+0000] {logging_mixin.py:151} INFO - Record Inserted !!
[2024-12-24T08:12:50.051+0000] {logging_mixin.py:151} INFO - Record Inserted !!
[2024-12-24T08:12:50.685+0000] {logging_mixin.py:151} INFO - Record Inserted !!
[2024-12-24T08:12:51.339+0000] {logging_mixin.py:151} INFO - Record Inserted !!
[2024-12-24T08:12:51.969+0000] {logging_mixin.py:151} INFO - Record Inserted !!
[2024-12-24T08:12:52.600+0000] {logging_mixin.py:151} INFO - Record Inserted !!
[2024-12-24T08:12:53.221+0000] {logging_mixin.py:151} INFO - Record Inserted !!
[2024-12-24T08:12:54.071+0000] {logging_mixin.py:151} INFO - Record Inserted !!
[2024-12-24T08:12:54.690+0000] {logging_mixin.py:151} INFO - Record Inserted !!
[2024-12-24T08:12:55.409+0000] {logging_mixin.py:151} INFO - Record Inserted !!
[2024-12-24T08:12:56.053+0000] {logging_mixin.py:151} INFO - Record Inserted !!
[2024-12-24T08:12:56.673+0000] {logging_mixin.py:151} INFO - Record Inserted !!
[2024-12-24T08:12:57.279+0000] {logging_mixin.py:151} INFO - Record Inserted !!
[2024-12-24T08:12:57.887+0000] {logging_mixin.py:151} INFO - Record Inserted !!
[2024-12-24T08:12:58.491+0000] {logging_mixin.py:151} INFO - Record Inserted !!
[2024-12-24T08:12:59.102+0000] {logging_mixin.py:151} INFO - Record Inserted !!
[2024-12-24T08:12:59.694+0000] {logging_mixin.py:151} INFO - Record Inserted !!
[2024-12-24T08:13:00.308+0000] {logging_mixin.py:151} INFO - Record Inserted !!
[2024-12-24T08:13:00.916+0000] {logging_mixin.py:151} INFO - Record Inserted !!
[2024-12-24T08:13:01.542+0000] {logging_mixin.py:151} INFO - Record Inserted !!
[2024-12-24T08:13:02.174+0000] {logging_mixin.py:151} INFO - Record Inserted !!
[2024-12-24T08:13:04.028+0000] {logging_mixin.py:151} INFO - Record Inserted !!
[2024-12-24T08:13:04.658+0000] {logging_mixin.py:151} INFO - Record Inserted !!
[2024-12-24T08:13:05.280+0000] {logging_mixin.py:151} INFO - Record Inserted !!
[2024-12-24T08:13:05.890+0000] {logging_mixin.py:151} INFO - Record Inserted !!
[2024-12-24T08:13:06.544+0000] {logging_mixin.py:151} INFO - Record Inserted !!
[2024-12-24T08:13:07.220+0000] {logging_mixin.py:151} INFO - Record Inserted !!
[2024-12-24T08:13:07.880+0000] {logging_mixin.py:151} INFO - Record Inserted !!
[2024-12-24T08:13:08.502+0000] {logging_mixin.py:151} INFO - Record Inserted !!
[2024-12-24T08:13:09.154+0000] {logging_mixin.py:151} INFO - Record Inserted !!
[2024-12-24T08:13:09.758+0000] {logging_mixin.py:151} INFO - Record Inserted !!
[2024-12-24T08:13:10.384+0000] {logging_mixin.py:151} INFO - Record Inserted !!
[2024-12-24T08:13:11.000+0000] {logging_mixin.py:151} INFO - Record Inserted !!
[2024-12-24T08:13:11.603+0000] {logging_mixin.py:151} INFO - Record Inserted !!
[2024-12-24T08:13:12.230+0000] {logging_mixin.py:151} INFO - Record Inserted !!
[2024-12-24T08:13:12.837+0000] {logging_mixin.py:151} INFO - Record Inserted !!
[2024-12-24T08:13:13.564+0000] {logging_mixin.py:151} INFO - Record Inserted !!
[2024-12-24T08:13:14.197+0000] {logging_mixin.py:151} INFO - Record Inserted !!
[2024-12-24T08:13:14.822+0000] {logging_mixin.py:151} INFO - Record Inserted !!
[2024-12-24T08:13:15.438+0000] {logging_mixin.py:151} INFO - Record Inserted !!
[2024-12-24T08:13:16.049+0000] {logging_mixin.py:151} INFO - Record Inserted !!
[2024-12-24T08:13:16.678+0000] {logging_mixin.py:151} INFO - Record Inserted !!
[2024-12-24T08:13:17.304+0000] {logging_mixin.py:151} INFO - Record Inserted !!
[2024-12-24T08:13:17.898+0000] {logging_mixin.py:151} INFO - Record Inserted !!
[2024-12-24T08:13:18.503+0000] {logging_mixin.py:151} INFO - Record Inserted !!
[2024-12-24T08:13:19.118+0000] {logging_mixin.py:151} INFO - Record Inserted !!
[2024-12-24T08:13:19.716+0000] {logging_mixin.py:151} INFO - Record Inserted !!
[2024-12-24T08:13:20.334+0000] {logging_mixin.py:151} INFO - Record Inserted !!
[2024-12-24T08:13:20.939+0000] {logging_mixin.py:151} INFO - Record Inserted !!
[2024-12-24T08:13:21.547+0000] {logging_mixin.py:151} INFO - Record Inserted !!
[2024-12-24T08:13:22.461+0000] {logging_mixin.py:151} INFO - Record Inserted !!
[2024-12-24T08:13:23.090+0000] {logging_mixin.py:151} INFO - Record Inserted !!
[2024-12-24T08:13:23.725+0000] {logging_mixin.py:151} INFO - Record Inserted !!
[2024-12-24T08:13:24.243+0000] {local_task_job_runner.py:115} ERROR - Received SIGTERM. Terminating subprocesses
[2024-12-24T08:13:24.254+0000] {process_utils.py:131} INFO - Sending 15 to group 97. PIDs of all processes in the group: [97]
[2024-12-24T08:13:24.255+0000] {process_utils.py:86} INFO - Sending the signal 15 to group 97
[2024-12-24T08:13:24.256+0000] {taskinstance.py:1632} ERROR - Received SIGTERM. Terminating subprocesses.
[2024-12-24T08:13:24.259+0000] {kafka_stream.py:58} ERROR - An error occured: Task received SIGTERM signal
[2024-12-24T08:13:24.902+0000] {logging_mixin.py:151} INFO - Record Inserted !!
[2024-12-24T08:13:25.563+0000] {logging_mixin.py:151} INFO - Record Inserted !!
[2024-12-24T08:13:26.193+0000] {logging_mixin.py:151} INFO - Record Inserted !!
[2024-12-24T08:13:26.351+0000] {conn.py:919} INFO - <BrokerConnection node_id=1 host=broker:29092 <connected> [IPv4 ('172.19.0.8', 29092)]>: Closing connection. KafkaConnectionError: Socket EVENT_READ without in-flight-requests
[2024-12-24T08:13:26.361+0000] {client_async.py:331} WARNING - Node 1 connection failed -- refreshing metadata
[2024-12-24T08:13:26.413+0000] {conn.py:380} INFO - <BrokerConnection node_id=1 host=broker:29092 <connecting> [IPv4 ('172.19.0.8', 29092)]>: connecting to broker:29092 [('172.19.0.8', 29092) IPv4]
[2024-12-24T08:13:26.413+0000] {conn.py:418} ERROR - Connect attempt to <BrokerConnection node_id=1 host=broker:29092 <connecting> [IPv4 ('172.19.0.8', 29092)]> returned error 111. Disconnecting.
[2024-12-24T08:13:26.413+0000] {conn.py:919} INFO - <BrokerConnection node_id=1 host=broker:29092 <connecting> [IPv4 ('172.19.0.8', 29092)]>: Closing connection. KafkaConnectionError: 111 ECONNREFUSED
[2024-12-24T08:13:26.414+0000] {client_async.py:331} WARNING - Node 1 connection failed -- refreshing metadata
[2024-12-24T08:13:26.618+0000] {conn.py:380} INFO - <BrokerConnection node_id=1 host=broker:29092 <connecting> [IPv4 ('172.19.0.8', 29092)]>: connecting to broker:29092 [('172.19.0.8', 29092) IPv4]
[2024-12-24T08:13:26.618+0000] {conn.py:418} ERROR - Connect attempt to <BrokerConnection node_id=1 host=broker:29092 <connecting> [IPv4 ('172.19.0.8', 29092)]> returned error 111. Disconnecting.
[2024-12-24T08:13:26.619+0000] {conn.py:919} INFO - <BrokerConnection node_id=1 host=broker:29092 <connecting> [IPv4 ('172.19.0.8', 29092)]>: Closing connection. KafkaConnectionError: 111 ECONNREFUSED
[2024-12-24T08:13:26.619+0000] {client_async.py:331} WARNING - Node 1 connection failed -- refreshing metadata
[2024-12-24T08:13:26.799+0000] {logging_mixin.py:151} INFO - Record Inserted !!
[2024-12-24T08:13:26.799+0000] {conn.py:380} INFO - <BrokerConnection node_id=1 host=broker:29092 <connecting> [IPv4 ('172.19.0.8', 29092)]>: connecting to broker:29092 [('172.19.0.8', 29092) IPv4]
[2024-12-24T08:13:26.801+0000] {conn.py:418} ERROR - Connect attempt to <BrokerConnection node_id=1 host=broker:29092 <connecting> [IPv4 ('172.19.0.8', 29092)]> returned error 111. Disconnecting.
[2024-12-24T08:13:26.801+0000] {conn.py:919} INFO - <BrokerConnection node_id=1 host=broker:29092 <connecting> [IPv4 ('172.19.0.8', 29092)]>: Closing connection. KafkaConnectionError: 111 ECONNREFUSED
[2024-12-24T08:13:26.801+0000] {client_async.py:331} WARNING - Node 1 connection failed -- refreshing metadata
[2024-12-24T08:13:27.146+0000] {conn.py:380} INFO - <BrokerConnection node_id=1 host=broker:29092 <connecting> [IPv4 ('172.19.0.8', 29092)]>: connecting to broker:29092 [('172.19.0.8', 29092) IPv4]
[2024-12-24T08:13:27.147+0000] {conn.py:418} ERROR - Connect attempt to <BrokerConnection node_id=1 host=broker:29092 <connecting> [IPv4 ('172.19.0.8', 29092)]> returned error 111. Disconnecting.
[2024-12-24T08:13:27.147+0000] {conn.py:919} INFO - <BrokerConnection node_id=1 host=broker:29092 <connecting> [IPv4 ('172.19.0.8', 29092)]>: Closing connection. KafkaConnectionError: 111 ECONNREFUSED
[2024-12-24T08:13:27.148+0000] {client_async.py:331} WARNING - Node 1 connection failed -- refreshing metadata
[2024-12-24T08:13:27.409+0000] {logging_mixin.py:151} INFO - Record Inserted !!
[2024-12-24T08:13:28.027+0000] {logging_mixin.py:151} INFO - Record Inserted !!
[2024-12-24T08:13:28.063+0000] {conn.py:380} INFO - <BrokerConnection node_id=1 host=broker:29092 <connecting> [IPv4 ('172.19.0.8', 29092)]>: connecting to broker:29092 [('172.19.0.8', 29092) IPv4]
[2024-12-24T08:13:28.064+0000] {conn.py:418} ERROR - Connect attempt to <BrokerConnection node_id=1 host=broker:29092 <connecting> [IPv4 ('172.19.0.8', 29092)]> returned error 111. Disconnecting.
[2024-12-24T08:13:28.064+0000] {conn.py:919} INFO - <BrokerConnection node_id=1 host=broker:29092 <connecting> [IPv4 ('172.19.0.8', 29092)]>: Closing connection. KafkaConnectionError: 111 ECONNREFUSED
[2024-12-24T08:13:28.064+0000] {client_async.py:331} WARNING - Node 1 connection failed -- refreshing metadata
[2024-12-24T08:13:28.184+0000] {taskinstance.py:1149} INFO - Dependencies not met for <TaskInstance: user_automation.stream_data_from_api manual__2024-12-24T08:04:58.692129+00:00 [running]>, dependency 'Task Instance Not Running' FAILED: Task is in the running state
[2024-12-24T08:13:28.187+0000] {taskinstance.py:1149} INFO - Dependencies not met for <TaskInstance: user_automation.stream_data_from_api manual__2024-12-24T08:04:58.692129+00:00 [running]>, dependency 'Task Instance State' FAILED: Task is in the 'running' state.
[2024-12-24T08:13:28.187+0000] {local_task_job_runner.py:154} INFO - Task is not able to be run
[2024-12-24T08:13:28.644+0000] {logging_mixin.py:151} INFO - Record Inserted !!
