[2024-12-24T07:58:21.718+0000] {manager.py:488} INFO - Processing files using up to 2 processes at a time 
[2024-12-24T07:58:21.723+0000] {manager.py:489} INFO - Process each file at most once every 30 seconds
[2024-12-24T07:58:21.724+0000] {manager.py:490} INFO - Checking for new files in /opt/airflow/dags every 300 seconds
[2024-12-24T07:58:21.725+0000] {manager.py:760} INFO - Searching for files in /opt/airflow/dags
[2024-12-24T07:58:21.733+0000] {manager.py:763} INFO - There are 1 files in /opt/airflow/dags
[2024-12-24T07:58:21.815+0000] {manager.py:888} INFO - 
================================================================================
DAG File Processing Stats

File Path                            PID  Runtime      # DAGs    # Errors  Last Runtime    Last Run
---------------------------------  -----  ---------  --------  ----------  --------------  ----------
/opt/airflow/dags/kafka_stream.py     70  0.05s             0           0
================================================================================
[2024-12-24T07:58:52.083+0000] {manager.py:888} INFO - 
================================================================================
DAG File Processing Stats

File Path                            PID  Runtime      # DAGs    # Errors  Last Runtime    Last Run
---------------------------------  -----  ---------  --------  ----------  --------------  -------------------
/opt/airflow/dags/kafka_stream.py     71  0.04s             1           0  0.11s           2024-12-24T07:58:21
================================================================================
[2024-12-24T07:59:22.290+0000] {manager.py:888} INFO - 
================================================================================
DAG File Processing Stats

File Path                            PID  Runtime      # DAGs    # Errors  Last Runtime    Last Run
---------------------------------  -----  ---------  --------  ----------  --------------  -------------------
/opt/airflow/dags/kafka_stream.py     72  0.01s             1           0  0.22s           2024-12-24T07:58:52
================================================================================
[2024-12-24T07:59:52.669+0000] {manager.py:888} INFO - 
================================================================================
DAG File Processing Stats

File Path                            PID  Runtime      # DAGs    # Errors  Last Runtime    Last Run
---------------------------------  -----  ---------  --------  ----------  --------------  -------------------
/opt/airflow/dags/kafka_stream.py     73  0.01s             1           0  0.21s           2024-12-24T07:59:22
================================================================================
[2024-12-24T08:00:22.973+0000] {manager.py:888} INFO - 
================================================================================
DAG File Processing Stats

File Path                            PID  Runtime      # DAGs    # Errors  Last Runtime    Last Run
---------------------------------  -----  ---------  --------  ----------  --------------  -------------------
/opt/airflow/dags/kafka_stream.py     74  0.00s             1           0  0.16s           2024-12-24T07:59:52
================================================================================
[2024-12-24T08:00:53.200+0000] {manager.py:888} INFO - 
================================================================================
DAG File Processing Stats

File Path                            PID  Runtime      # DAGs    # Errors  Last Runtime    Last Run
---------------------------------  -----  ---------  --------  ----------  --------------  -------------------
/opt/airflow/dags/kafka_stream.py     75  0.01s             1           0  0.11s           2024-12-24T08:00:23
================================================================================
[2024-12-24T08:01:23.461+0000] {manager.py:888} INFO - 
================================================================================
DAG File Processing Stats

File Path                            PID  Runtime      # DAGs    # Errors  Last Runtime    Last Run
---------------------------------  -----  ---------  --------  ----------  --------------  -------------------
/opt/airflow/dags/kafka_stream.py     76  0.01s             1           0  0.14s           2024-12-24T08:00:53
================================================================================
[2024-12-24T08:01:53.736+0000] {manager.py:888} INFO - 
================================================================================
DAG File Processing Stats

File Path                            PID  Runtime      # DAGs    # Errors  Last Runtime    Last Run
---------------------------------  -----  ---------  --------  ----------  --------------  -------------------
/opt/airflow/dags/kafka_stream.py     77  0.02s             1           0  0.11s           2024-12-24T08:01:23
================================================================================
[2024-12-24T08:02:24.057+0000] {manager.py:888} INFO - 
================================================================================
DAG File Processing Stats

File Path                            PID  Runtime      # DAGs    # Errors  Last Runtime    Last Run
---------------------------------  -----  ---------  --------  ----------  --------------  -------------------
/opt/airflow/dags/kafka_stream.py     78  0.01s             1           0  0.10s           2024-12-24T08:01:53
================================================================================
[2024-12-24T08:02:54.295+0000] {manager.py:888} INFO - 
================================================================================
DAG File Processing Stats

File Path                            PID  Runtime      # DAGs    # Errors  Last Runtime    Last Run
---------------------------------  -----  ---------  --------  ----------  --------------  -------------------
/opt/airflow/dags/kafka_stream.py     79  0.02s             1           0  0.16s           2024-12-24T08:02:24
================================================================================
[2024-12-24T08:03:22.641+0000] {manager.py:760} INFO - Searching for files in /opt/airflow/dags
[2024-12-24T08:03:22.658+0000] {manager.py:763} INFO - There are 1 files in /opt/airflow/dags
[2024-12-24T08:03:24.812+0000] {manager.py:888} INFO - 
================================================================================
DAG File Processing Stats

File Path                            PID  Runtime      # DAGs    # Errors  Last Runtime    Last Run
---------------------------------  -----  ---------  --------  ----------  --------------  -------------------
/opt/airflow/dags/kafka_stream.py     80  0.05s             1           0  0.15s           2024-12-24T08:02:54
================================================================================
[2024-12-24T08:03:55.142+0000] {manager.py:888} INFO - 
================================================================================
DAG File Processing Stats

File Path                            PID  Runtime      # DAGs    # Errors  Last Runtime    Last Run
---------------------------------  -----  ---------  --------  ----------  --------------  -------------------
/opt/airflow/dags/kafka_stream.py     81  0.03s             1           0  0.20s           2024-12-24T08:03:24
================================================================================
[2024-12-24T08:04:25.433+0000] {manager.py:888} INFO - 
================================================================================
DAG File Processing Stats

File Path                            PID  Runtime      # DAGs    # Errors  Last Runtime    Last Run
---------------------------------  -----  ---------  --------  ----------  --------------  -------------------
/opt/airflow/dags/kafka_stream.py     82  0.01s             1           0  0.17s           2024-12-24T08:03:55
================================================================================
[2024-12-24T08:04:55.736+0000] {manager.py:888} INFO - 
================================================================================
DAG File Processing Stats

File Path                            PID  Runtime      # DAGs    # Errors  Last Runtime    Last Run
---------------------------------  -----  ---------  --------  ----------  --------------  -------------------
/opt/airflow/dags/kafka_stream.py     83  0.02s             1           0  0.14s           2024-12-24T08:04:25
================================================================================
[2024-12-24T08:05:29.001+0000] {manager.py:888} INFO - 
================================================================================
DAG File Processing Stats

File Path                            PID  Runtime      # DAGs    # Errors  Last Runtime    Last Run
---------------------------------  -----  ---------  --------  ----------  --------------  -------------------
/opt/airflow/dags/kafka_stream.py     87  0.27s             1           0  0.25s           2024-12-24T08:04:55
================================================================================
[2024-12-24T08:06:00.648+0000] {manager.py:888} INFO - 
================================================================================
DAG File Processing Stats

File Path                          PID    Runtime      # DAGs    # Errors  Last Runtime    Last Run
---------------------------------  -----  ---------  --------  ----------  --------------  -------------------
/opt/airflow/dags/kafka_stream.py                           1           0  20.60s          2024-12-24T08:05:48
================================================================================
[2024-12-24T08:06:32.340+0000] {manager.py:888} INFO - 
================================================================================
DAG File Processing Stats

File Path                          PID    Runtime      # DAGs    # Errors  Last Runtime    Last Run
---------------------------------  -----  ---------  --------  ----------  --------------  -------------------
/opt/airflow/dags/kafka_stream.py                           1           0  0.12s           2024-12-24T08:06:19
================================================================================
[2024-12-24T08:07:02.724+0000] {manager.py:888} INFO - 
================================================================================
DAG File Processing Stats

File Path                          PID    Runtime      # DAGs    # Errors  Last Runtime    Last Run
---------------------------------  -----  ---------  --------  ----------  --------------  -------------------
/opt/airflow/dags/kafka_stream.py                           1           0  0.20s           2024-12-24T08:06:49
================================================================================
[2024-12-24T08:07:33.093+0000] {manager.py:888} INFO - 
================================================================================
DAG File Processing Stats

File Path                          PID    Runtime      # DAGs    # Errors  Last Runtime    Last Run
---------------------------------  -----  ---------  --------  ----------  --------------  -------------------
/opt/airflow/dags/kafka_stream.py                           1           0  0.17s           2024-12-24T08:07:20
================================================================================
[2024-12-24T08:08:03.420+0000] {manager.py:888} INFO - 
================================================================================
DAG File Processing Stats

File Path                          PID    Runtime      # DAGs    # Errors  Last Runtime    Last Run
---------------------------------  -----  ---------  --------  ----------  --------------  -------------------
/opt/airflow/dags/kafka_stream.py                           1           0  0.15s           2024-12-24T08:07:50
================================================================================
[2024-12-24T08:08:22.717+0000] {manager.py:760} INFO - Searching for files in /opt/airflow/dags
[2024-12-24T08:08:22.725+0000] {manager.py:763} INFO - There are 1 files in /opt/airflow/dags
[2024-12-24T08:08:33.713+0000] {manager.py:888} INFO - 
================================================================================
DAG File Processing Stats

File Path                          PID    Runtime      # DAGs    # Errors  Last Runtime    Last Run
---------------------------------  -----  ---------  --------  ----------  --------------  -------------------
/opt/airflow/dags/kafka_stream.py                           1           0  0.12s           2024-12-24T08:08:20
================================================================================
[2024-12-24T08:09:04.045+0000] {manager.py:888} INFO - 
================================================================================
DAG File Processing Stats

File Path                          PID    Runtime      # DAGs    # Errors  Last Runtime    Last Run
---------------------------------  -----  ---------  --------  ----------  --------------  -------------------
/opt/airflow/dags/kafka_stream.py                           1           0  0.43s           2024-12-24T08:08:51
================================================================================
[2024-12-24T08:09:34.697+0000] {manager.py:888} INFO - 
================================================================================
DAG File Processing Stats

File Path                          PID    Runtime      # DAGs    # Errors  Last Runtime    Last Run
---------------------------------  -----  ---------  --------  ----------  --------------  -------------------
/opt/airflow/dags/kafka_stream.py                           1           0  0.12s           2024-12-24T08:09:21
================================================================================
[2024-12-24T08:10:05.047+0000] {manager.py:888} INFO - 
================================================================================
DAG File Processing Stats

File Path                          PID    Runtime      # DAGs    # Errors  Last Runtime    Last Run
---------------------------------  -----  ---------  --------  ----------  --------------  -------------------
/opt/airflow/dags/kafka_stream.py                           1           0  0.15s           2024-12-24T08:09:52
================================================================================
[2024-12-24T08:10:35.480+0000] {manager.py:888} INFO - 
================================================================================
DAG File Processing Stats

File Path                          PID    Runtime      # DAGs    # Errors  Last Runtime    Last Run
---------------------------------  -----  ---------  --------  ----------  --------------  -------------------
/opt/airflow/dags/kafka_stream.py                           1           0  0.12s           2024-12-24T08:10:22
================================================================================
[2024-12-24T08:11:05.934+0000] {manager.py:888} INFO - 
================================================================================
DAG File Processing Stats

File Path                          PID    Runtime      # DAGs    # Errors  Last Runtime    Last Run
---------------------------------  -----  ---------  --------  ----------  --------------  -------------------
/opt/airflow/dags/kafka_stream.py                           1           0  0.14s           2024-12-24T08:10:52
================================================================================
[2024-12-24T08:11:36.297+0000] {manager.py:888} INFO - 
================================================================================
DAG File Processing Stats

File Path                          PID    Runtime      # DAGs    # Errors  Last Runtime    Last Run
---------------------------------  -----  ---------  --------  ----------  --------------  -------------------
/opt/airflow/dags/kafka_stream.py                           1           0  0.31s           2024-12-24T08:11:23
================================================================================
[2024-12-24T08:12:06.800+0000] {manager.py:888} INFO - 
================================================================================
DAG File Processing Stats

File Path                          PID    Runtime      # DAGs    # Errors  Last Runtime    Last Run
---------------------------------  -----  ---------  --------  ----------  --------------  -------------------
/opt/airflow/dags/kafka_stream.py                           1           0  0.39s           2024-12-24T08:11:53
================================================================================
[2024-12-24T08:12:37.116+0000] {manager.py:888} INFO - 
================================================================================
DAG File Processing Stats

File Path                          PID    Runtime      # DAGs    # Errors  Last Runtime    Last Run
---------------------------------  -----  ---------  --------  ----------  --------------  -------------------
/opt/airflow/dags/kafka_stream.py                           1           0  0.12s           2024-12-24T08:12:24
================================================================================
[2024-12-24T08:13:07.542+0000] {manager.py:888} INFO - 
================================================================================
DAG File Processing Stats

File Path                          PID    Runtime      # DAGs    # Errors  Last Runtime    Last Run
---------------------------------  -----  ---------  --------  ----------  --------------  -------------------
/opt/airflow/dags/kafka_stream.py                           1           0  0.12s           2024-12-24T08:12:54
================================================================================
[2024-12-24T08:13:23.700+0000] {manager.py:760} INFO - Searching for files in /opt/airflow/dags
[2024-12-24T08:13:23.711+0000] {manager.py:763} INFO - There are 1 files in /opt/airflow/dags
[2024-12-24T08:13:25.272+0000] {manager.py:470} INFO - Exiting gracefully upon receiving signal 15
