[2024-12-24T08:05:01.751+0000] {taskinstance.py:1159} INFO - Dependencies all met for dep_context=non-requeueable deps ti=<TaskInstance: user_automation.stream_data_from_api scheduled__2024-12-23T00:00:00+00:00 [queued]>
[2024-12-24T08:05:01.756+0000] {taskinstance.py:1159} INFO - Dependencies all met for dep_context=requeueable deps ti=<TaskInstance: user_automation.stream_data_from_api scheduled__2024-12-23T00:00:00+00:00 [queued]>
[2024-12-24T08:05:01.757+0000] {taskinstance.py:1361} INFO - Starting attempt 1 of 1
[2024-12-24T08:05:01.763+0000] {taskinstance.py:1382} INFO - Executing <Task(PythonOperator): stream_data_from_api> on 2024-12-23 00:00:00+00:00
[2024-12-24T08:05:01.770+0000] {standard_task_runner.py:57} INFO - Started process 85 to run task
[2024-12-24T08:05:01.774+0000] {standard_task_runner.py:84} INFO - Running: ['***', 'tasks', 'run', 'user_automation', 'stream_data_from_api', 'scheduled__2024-12-23T00:00:00+00:00', '--job-id', '2', '--raw', '--subdir', 'DAGS_FOLDER/kafka_stream.py', '--cfg-path', '/tmp/tmpcf1zllcu']
[2024-12-24T08:05:01.776+0000] {standard_task_runner.py:85} INFO - Job 2: Subtask stream_data_from_api
[2024-12-24T08:05:02.690+0000] {task_command.py:415} INFO - Running <TaskInstance: user_automation.stream_data_from_api scheduled__2024-12-23T00:00:00+00:00 [running]> on host 0f04ccbaeb43
[2024-12-24T08:05:05.785+0000] {taskinstance.py:1660} INFO - Exporting env vars: AIRFLOW_CTX_DAG_OWNER='airscholar' AIRFLOW_CTX_DAG_ID='user_automation' AIRFLOW_CTX_TASK_ID='stream_data_from_api' AIRFLOW_CTX_EXECUTION_DATE='2024-12-23T00:00:00+00:00' AIRFLOW_CTX_TRY_NUMBER='1' AIRFLOW_CTX_DAG_RUN_ID='scheduled__2024-12-23T00:00:00+00:00'
[2024-12-24T08:05:05.936+0000] {conn.py:380} INFO - <BrokerConnection node_id=bootstrap-0 host=broker:29092 <connecting> [IPv4 ('172.19.0.8', 29092)]>: connecting to broker:29092 [('172.19.0.8', 29092) IPv4]
[2024-12-24T08:05:05.939+0000] {conn.py:1205} INFO - Probing node bootstrap-0 broker version
[2024-12-24T08:05:05.955+0000] {conn.py:410} INFO - <BrokerConnection node_id=bootstrap-0 host=broker:29092 <connecting> [IPv4 ('172.19.0.8', 29092)]>: Connection complete.
[2024-12-24T08:05:06.786+0000] {conn.py:1267} INFO - Broker version identified as 2.5.0
[2024-12-24T08:05:06.848+0000] {conn.py:1268} INFO - Set configuration api_version=(2, 5, 0) to skip auto check_version requests on startup
[2024-12-24T08:05:10.794+0000] {conn.py:380} INFO - <BrokerConnection node_id=1 host=broker:29092 <connecting> [IPv4 ('172.19.0.8', 29092)]>: connecting to broker:29092 [('172.19.0.8', 29092) IPv4]
[2024-12-24T08:05:10.839+0000] {conn.py:410} INFO - <BrokerConnection node_id=1 host=broker:29092 <connecting> [IPv4 ('172.19.0.8', 29092)]>: Connection complete.
[2024-12-24T08:05:10.845+0000] {conn.py:919} INFO - <BrokerConnection node_id=bootstrap-0 host=broker:29092 <connected> [IPv4 ('172.19.0.8', 29092)]>: Closing connection. 
[2024-12-24T08:05:12.580+0000] {logging_mixin.py:151} INFO - Record Inserted !!
[2024-12-24T08:05:16.720+0000] {logging_mixin.py:151} INFO - Record Inserted !!
[2024-12-24T08:05:23.725+0000] {logging_mixin.py:151} INFO - Record Inserted !!
[2024-12-24T08:05:48.086+0000] {kafka_stream.py:58} ERROR - An error occured: HTTPSConnectionPool(host='randomuser.me', port=443): Max retries exceeded with url: /api/ (Caused by SSLError(SSLEOFError(8, 'EOF occurred in violation of protocol (_ssl.c:1129)')))
[2024-12-24T08:05:48.848+0000] {logging_mixin.py:151} INFO - Record Inserted !!
[2024-12-24T08:05:49.482+0000] {logging_mixin.py:151} INFO - Record Inserted !!
[2024-12-24T08:05:50.285+0000] {logging_mixin.py:151} INFO - Record Inserted !!
[2024-12-24T08:05:50.950+0000] {logging_mixin.py:151} INFO - Record Inserted !!
[2024-12-24T08:05:51.556+0000] {logging_mixin.py:151} INFO - Record Inserted !!
[2024-12-24T08:05:52.171+0000] {logging_mixin.py:151} INFO - Record Inserted !!
[2024-12-24T08:05:52.806+0000] {logging_mixin.py:151} INFO - Record Inserted !!
[2024-12-24T08:05:54.228+0000] {logging_mixin.py:151} INFO - Record Inserted !!
[2024-12-24T08:05:54.838+0000] {logging_mixin.py:151} INFO - Record Inserted !!
[2024-12-24T08:05:55.437+0000] {logging_mixin.py:151} INFO - Record Inserted !!
[2024-12-24T08:05:56.078+0000] {logging_mixin.py:151} INFO - Record Inserted !!
[2024-12-24T08:05:56.705+0000] {logging_mixin.py:151} INFO - Record Inserted !!
[2024-12-24T08:05:57.360+0000] {logging_mixin.py:151} INFO - Record Inserted !!
[2024-12-24T08:05:57.969+0000] {logging_mixin.py:151} INFO - Record Inserted !!
[2024-12-24T08:05:58.594+0000] {logging_mixin.py:151} INFO - Record Inserted !!
[2024-12-24T08:05:59.200+0000] {logging_mixin.py:151} INFO - Record Inserted !!
[2024-12-24T08:06:00.122+0000] {logging_mixin.py:151} INFO - Record Inserted !!
[2024-12-24T08:06:00.781+0000] {logging_mixin.py:151} INFO - Record Inserted !!
[2024-12-24T08:06:01.400+0000] {logging_mixin.py:151} INFO - Record Inserted !!
[2024-12-24T08:06:02.033+0000] {logging_mixin.py:151} INFO - Record Inserted !!
[2024-12-24T08:06:02.637+0000] {logging_mixin.py:151} INFO - Record Inserted !!
[2024-12-24T08:06:03.256+0000] {logging_mixin.py:151} INFO - Record Inserted !!
[2024-12-24T08:06:03.881+0000] {logging_mixin.py:151} INFO - Record Inserted !!
[2024-12-24T08:06:04.497+0000] {logging_mixin.py:151} INFO - Record Inserted !!
[2024-12-24T08:06:05.109+0000] {logging_mixin.py:151} INFO - Record Inserted !!
[2024-12-24T08:06:05.729+0000] {logging_mixin.py:151} INFO - Record Inserted !!
[2024-12-24T08:06:06.327+0000] {logging_mixin.py:151} INFO - Record Inserted !!
[2024-12-24T08:06:06.965+0000] {logging_mixin.py:151} INFO - Record Inserted !!
[2024-12-24T08:06:07.564+0000] {logging_mixin.py:151} INFO - Record Inserted !!
[2024-12-24T08:06:08.165+0000] {logging_mixin.py:151} INFO - Record Inserted !!
[2024-12-24T08:06:10.065+0000] {logging_mixin.py:151} INFO - Record Inserted !!
[2024-12-24T08:06:10.675+0000] {logging_mixin.py:151} INFO - Record Inserted !!
[2024-12-24T08:06:11.288+0000] {logging_mixin.py:151} INFO - Record Inserted !!
[2024-12-24T08:06:11.911+0000] {logging_mixin.py:151} INFO - Record Inserted !!
[2024-12-24T08:06:12.511+0000] {logging_mixin.py:151} INFO - Record Inserted !!
[2024-12-24T08:06:13.133+0000] {logging_mixin.py:151} INFO - Record Inserted !!
[2024-12-24T08:06:14.551+0000] {logging_mixin.py:151} INFO - Record Inserted !!
[2024-12-24T08:06:15.177+0000] {logging_mixin.py:151} INFO - Record Inserted !!
[2024-12-24T08:06:15.781+0000] {logging_mixin.py:151} INFO - Record Inserted !!
[2024-12-24T08:06:16.385+0000] {logging_mixin.py:151} INFO - Record Inserted !!
[2024-12-24T08:06:16.995+0000] {logging_mixin.py:151} INFO - Record Inserted !!
[2024-12-24T08:06:17.597+0000] {logging_mixin.py:151} INFO - Record Inserted !!
[2024-12-24T08:06:18.221+0000] {logging_mixin.py:151} INFO - Record Inserted !!
[2024-12-24T08:06:18.839+0000] {logging_mixin.py:151} INFO - Record Inserted !!
[2024-12-24T08:06:19.453+0000] {logging_mixin.py:151} INFO - Record Inserted !!
[2024-12-24T08:06:20.054+0000] {logging_mixin.py:151} INFO - Record Inserted !!
[2024-12-24T08:06:21.182+0000] {logging_mixin.py:151} INFO - Record Inserted !!
[2024-12-24T08:06:21.823+0000] {logging_mixin.py:151} INFO - Record Inserted !!
[2024-12-24T08:06:22.432+0000] {logging_mixin.py:151} INFO - Record Inserted !!
[2024-12-24T08:06:23.050+0000] {logging_mixin.py:151} INFO - Record Inserted !!
[2024-12-24T08:06:23.711+0000] {logging_mixin.py:151} INFO - Record Inserted !!
[2024-12-24T08:06:24.333+0000] {logging_mixin.py:151} INFO - Record Inserted !!
[2024-12-24T08:06:24.932+0000] {logging_mixin.py:151} INFO - Record Inserted !!
[2024-12-24T08:06:25.551+0000] {logging_mixin.py:151} INFO - Record Inserted !!
[2024-12-24T08:06:26.188+0000] {logging_mixin.py:151} INFO - Record Inserted !!
[2024-12-24T08:06:26.835+0000] {logging_mixin.py:151} INFO - Record Inserted !!
[2024-12-24T08:06:28.072+0000] {logging_mixin.py:151} INFO - Record Inserted !!
[2024-12-24T08:06:28.712+0000] {logging_mixin.py:151} INFO - Record Inserted !!
[2024-12-24T08:06:29.351+0000] {logging_mixin.py:151} INFO - Record Inserted !!
[2024-12-24T08:06:29.991+0000] {logging_mixin.py:151} INFO - Record Inserted !!
[2024-12-24T08:06:30.888+0000] {logging_mixin.py:151} INFO - Record Inserted !!
[2024-12-24T08:06:31.489+0000] {logging_mixin.py:151} INFO - Record Inserted !!
[2024-12-24T08:06:32.116+0000] {logging_mixin.py:151} INFO - Record Inserted !!
[2024-12-24T08:06:32.723+0000] {logging_mixin.py:151} INFO - Record Inserted !!
[2024-12-24T08:06:33.396+0000] {logging_mixin.py:151} INFO - Record Inserted !!
[2024-12-24T08:06:34.083+0000] {logging_mixin.py:151} INFO - Record Inserted !!
[2024-12-24T08:06:34.736+0000] {logging_mixin.py:151} INFO - Record Inserted !!
[2024-12-24T08:06:35.320+0000] {logging_mixin.py:151} INFO - Record Inserted !!
[2024-12-24T08:06:35.937+0000] {logging_mixin.py:151} INFO - Record Inserted !!
[2024-12-24T08:06:36.654+0000] {logging_mixin.py:151} INFO - Record Inserted !!
[2024-12-24T08:06:37.275+0000] {logging_mixin.py:151} INFO - Record Inserted !!
[2024-12-24T08:06:37.887+0000] {logging_mixin.py:151} INFO - Record Inserted !!
[2024-12-24T08:06:38.482+0000] {logging_mixin.py:151} INFO - Record Inserted !!
[2024-12-24T08:06:39.088+0000] {logging_mixin.py:151} INFO - Record Inserted !!
[2024-12-24T08:06:39.728+0000] {logging_mixin.py:151} INFO - Record Inserted !!
[2024-12-24T08:06:40.322+0000] {logging_mixin.py:151} INFO - Record Inserted !!
[2024-12-24T08:06:40.969+0000] {logging_mixin.py:151} INFO - Record Inserted !!
[2024-12-24T08:06:41.581+0000] {logging_mixin.py:151} INFO - Record Inserted !!
[2024-12-24T08:06:42.216+0000] {logging_mixin.py:151} INFO - Record Inserted !!
[2024-12-24T08:06:42.827+0000] {logging_mixin.py:151} INFO - Record Inserted !!
[2024-12-24T08:06:43.481+0000] {logging_mixin.py:151} INFO - Record Inserted !!
[2024-12-24T08:06:44.083+0000] {logging_mixin.py:151} INFO - Record Inserted !!
[2024-12-24T08:06:45.343+0000] {logging_mixin.py:151} INFO - Record Inserted !!
[2024-12-24T08:06:45.950+0000] {logging_mixin.py:151} INFO - Record Inserted !!
[2024-12-24T08:06:46.590+0000] {logging_mixin.py:151} INFO - Record Inserted !!
[2024-12-24T08:06:47.211+0000] {logging_mixin.py:151} INFO - Record Inserted !!
[2024-12-24T08:06:47.811+0000] {logging_mixin.py:151} INFO - Record Inserted !!
[2024-12-24T08:06:48.424+0000] {logging_mixin.py:151} INFO - Record Inserted !!
[2024-12-24T08:06:49.040+0000] {logging_mixin.py:151} INFO - Record Inserted !!
[2024-12-24T08:06:49.638+0000] {logging_mixin.py:151} INFO - Record Inserted !!
[2024-12-24T08:06:50.779+0000] {logging_mixin.py:151} INFO - Record Inserted !!
[2024-12-24T08:06:51.422+0000] {logging_mixin.py:151} INFO - Record Inserted !!
[2024-12-24T08:06:52.024+0000] {logging_mixin.py:151} INFO - Record Inserted !!
[2024-12-24T08:06:52.651+0000] {logging_mixin.py:151} INFO - Record Inserted !!
[2024-12-24T08:06:53.278+0000] {logging_mixin.py:151} INFO - Record Inserted !!
[2024-12-24T08:06:53.894+0000] {logging_mixin.py:151} INFO - Record Inserted !!
[2024-12-24T08:06:54.515+0000] {logging_mixin.py:151} INFO - Record Inserted !!
[2024-12-24T08:06:55.122+0000] {logging_mixin.py:151} INFO - Record Inserted !!
[2024-12-24T08:06:55.755+0000] {logging_mixin.py:151} INFO - Record Inserted !!
[2024-12-24T08:06:56.362+0000] {logging_mixin.py:151} INFO - Record Inserted !!
[2024-12-24T08:06:56.995+0000] {logging_mixin.py:151} INFO - Record Inserted !!
[2024-12-24T08:06:57.605+0000] {logging_mixin.py:151} INFO - Record Inserted !!
[2024-12-24T08:06:58.210+0000] {logging_mixin.py:151} INFO - Record Inserted !!
[2024-12-24T08:06:58.836+0000] {logging_mixin.py:151} INFO - Record Inserted !!
[2024-12-24T08:07:00.201+0000] {logging_mixin.py:151} INFO - Record Inserted !!
[2024-12-24T08:07:01.498+0000] {logging_mixin.py:151} INFO - Record Inserted !!
[2024-12-24T08:07:02.564+0000] {logging_mixin.py:151} INFO - Record Inserted !!
[2024-12-24T08:07:03.206+0000] {logging_mixin.py:151} INFO - Record Inserted !!
[2024-12-24T08:07:03.843+0000] {logging_mixin.py:151} INFO - Record Inserted !!
[2024-12-24T08:07:04.847+0000] {logging_mixin.py:151} INFO - Record Inserted !!
[2024-12-24T08:07:05.473+0000] {logging_mixin.py:151} INFO - Record Inserted !!
[2024-12-24T08:07:06.070+0000] {logging_mixin.py:151} INFO - Record Inserted !!
[2024-12-24T08:07:06.695+0000] {logging_mixin.py:151} INFO - Record Inserted !!
[2024-12-24T08:07:07.322+0000] {logging_mixin.py:151} INFO - Record Inserted !!
[2024-12-24T08:07:07.939+0000] {logging_mixin.py:151} INFO - Record Inserted !!
[2024-12-24T08:07:08.537+0000] {logging_mixin.py:151} INFO - Record Inserted !!
[2024-12-24T08:07:09.178+0000] {logging_mixin.py:151} INFO - Record Inserted !!
[2024-12-24T08:07:09.804+0000] {logging_mixin.py:151} INFO - Record Inserted !!
[2024-12-24T08:07:10.405+0000] {logging_mixin.py:151} INFO - Record Inserted !!
[2024-12-24T08:07:11.016+0000] {logging_mixin.py:151} INFO - Record Inserted !!
[2024-12-24T08:07:11.670+0000] {logging_mixin.py:151} INFO - Record Inserted !!
[2024-12-24T08:07:12.319+0000] {logging_mixin.py:151} INFO - Record Inserted !!
[2024-12-24T08:07:13.630+0000] {logging_mixin.py:151} INFO - Record Inserted !!
[2024-12-24T08:07:14.259+0000] {logging_mixin.py:151} INFO - Record Inserted !!
[2024-12-24T08:07:14.888+0000] {logging_mixin.py:151} INFO - Record Inserted !!
[2024-12-24T08:07:15.490+0000] {logging_mixin.py:151} INFO - Record Inserted !!
[2024-12-24T08:07:16.077+0000] {logging_mixin.py:151} INFO - Record Inserted !!
[2024-12-24T08:07:16.689+0000] {logging_mixin.py:151} INFO - Record Inserted !!
[2024-12-24T08:07:17.296+0000] {logging_mixin.py:151} INFO - Record Inserted !!
[2024-12-24T08:07:17.939+0000] {logging_mixin.py:151} INFO - Record Inserted !!
[2024-12-24T08:07:18.652+0000] {logging_mixin.py:151} INFO - Record Inserted !!
[2024-12-24T08:07:19.279+0000] {logging_mixin.py:151} INFO - Record Inserted !!
[2024-12-24T08:07:19.884+0000] {logging_mixin.py:151} INFO - Record Inserted !!
[2024-12-24T08:07:20.515+0000] {logging_mixin.py:151} INFO - Record Inserted !!
[2024-12-24T08:07:21.165+0000] {logging_mixin.py:151} INFO - Record Inserted !!
[2024-12-24T08:07:21.786+0000] {logging_mixin.py:151} INFO - Record Inserted !!
[2024-12-24T08:07:22.387+0000] {logging_mixin.py:151} INFO - Record Inserted !!
[2024-12-24T08:07:23.011+0000] {logging_mixin.py:151} INFO - Record Inserted !!
[2024-12-24T08:07:23.632+0000] {logging_mixin.py:151} INFO - Record Inserted !!
[2024-12-24T08:07:24.273+0000] {logging_mixin.py:151} INFO - Record Inserted !!
[2024-12-24T08:07:24.870+0000] {logging_mixin.py:151} INFO - Record Inserted !!
[2024-12-24T08:07:25.586+0000] {logging_mixin.py:151} INFO - Record Inserted !!
[2024-12-24T08:07:26.199+0000] {logging_mixin.py:151} INFO - Record Inserted !!
[2024-12-24T08:07:26.806+0000] {logging_mixin.py:151} INFO - Record Inserted !!
[2024-12-24T08:07:27.417+0000] {logging_mixin.py:151} INFO - Record Inserted !!
[2024-12-24T08:07:28.052+0000] {logging_mixin.py:151} INFO - Record Inserted !!
[2024-12-24T08:07:28.684+0000] {logging_mixin.py:151} INFO - Record Inserted !!
[2024-12-24T08:07:29.587+0000] {logging_mixin.py:151} INFO - Record Inserted !!
[2024-12-24T08:07:30.226+0000] {logging_mixin.py:151} INFO - Record Inserted !!
[2024-12-24T08:07:30.898+0000] {logging_mixin.py:151} INFO - Record Inserted !!
[2024-12-24T08:07:32.038+0000] {logging_mixin.py:151} INFO - Record Inserted !!
[2024-12-24T08:07:32.689+0000] {logging_mixin.py:151} INFO - Record Inserted !!
[2024-12-24T08:07:34.165+0000] {logging_mixin.py:151} INFO - Record Inserted !!
[2024-12-24T08:07:34.773+0000] {logging_mixin.py:151} INFO - Record Inserted !!
[2024-12-24T08:07:35.411+0000] {logging_mixin.py:151} INFO - Record Inserted !!
[2024-12-24T08:07:36.028+0000] {logging_mixin.py:151} INFO - Record Inserted !!
[2024-12-24T08:07:36.648+0000] {logging_mixin.py:151} INFO - Record Inserted !!
[2024-12-24T08:07:37.292+0000] {logging_mixin.py:151} INFO - Record Inserted !!
[2024-12-24T08:07:37.935+0000] {logging_mixin.py:151} INFO - Record Inserted !!
[2024-12-24T08:07:38.556+0000] {logging_mixin.py:151} INFO - Record Inserted !!
[2024-12-24T08:07:39.161+0000] {logging_mixin.py:151} INFO - Record Inserted !!
[2024-12-24T08:07:39.780+0000] {logging_mixin.py:151} INFO - Record Inserted !!
[2024-12-24T08:07:40.909+0000] {logging_mixin.py:151} INFO - Record Inserted !!
[2024-12-24T08:07:41.541+0000] {logging_mixin.py:151} INFO - Record Inserted !!
[2024-12-24T08:07:42.140+0000] {logging_mixin.py:151} INFO - Record Inserted !!
[2024-12-24T08:07:42.749+0000] {logging_mixin.py:151} INFO - Record Inserted !!
[2024-12-24T08:07:43.361+0000] {logging_mixin.py:151} INFO - Record Inserted !!
[2024-12-24T08:07:43.981+0000] {logging_mixin.py:151} INFO - Record Inserted !!
[2024-12-24T08:07:44.583+0000] {logging_mixin.py:151} INFO - Record Inserted !!
[2024-12-24T08:07:45.194+0000] {logging_mixin.py:151} INFO - Record Inserted !!
[2024-12-24T08:07:46.524+0000] {logging_mixin.py:151} INFO - Record Inserted !!
[2024-12-24T08:07:47.155+0000] {logging_mixin.py:151} INFO - Record Inserted !!
[2024-12-24T08:07:47.762+0000] {logging_mixin.py:151} INFO - Record Inserted !!
[2024-12-24T08:07:48.363+0000] {logging_mixin.py:151} INFO - Record Inserted !!
[2024-12-24T08:07:48.980+0000] {logging_mixin.py:151} INFO - Record Inserted !!
[2024-12-24T08:07:49.602+0000] {logging_mixin.py:151} INFO - Record Inserted !!
[2024-12-24T08:07:50.294+0000] {logging_mixin.py:151} INFO - Record Inserted !!
[2024-12-24T08:07:50.964+0000] {logging_mixin.py:151} INFO - Record Inserted !!
[2024-12-24T08:07:51.586+0000] {logging_mixin.py:151} INFO - Record Inserted !!
[2024-12-24T08:07:52.210+0000] {logging_mixin.py:151} INFO - Record Inserted !!
[2024-12-24T08:07:52.817+0000] {logging_mixin.py:151} INFO - Record Inserted !!
[2024-12-24T08:07:53.442+0000] {logging_mixin.py:151} INFO - Record Inserted !!
[2024-12-24T08:07:54.077+0000] {logging_mixin.py:151} INFO - Record Inserted !!
[2024-12-24T08:07:54.682+0000] {logging_mixin.py:151} INFO - Record Inserted !!
[2024-12-24T08:07:55.291+0000] {logging_mixin.py:151} INFO - Record Inserted !!
[2024-12-24T08:07:55.913+0000] {logging_mixin.py:151} INFO - Record Inserted !!
[2024-12-24T08:07:56.533+0000] {logging_mixin.py:151} INFO - Record Inserted !!
[2024-12-24T08:07:57.133+0000] {logging_mixin.py:151} INFO - Record Inserted !!
[2024-12-24T08:07:57.747+0000] {logging_mixin.py:151} INFO - Record Inserted !!
[2024-12-24T08:07:58.356+0000] {logging_mixin.py:151} INFO - Record Inserted !!
[2024-12-24T08:07:58.991+0000] {logging_mixin.py:151} INFO - Record Inserted !!
[2024-12-24T08:07:59.611+0000] {logging_mixin.py:151} INFO - Record Inserted !!
[2024-12-24T08:08:00.224+0000] {logging_mixin.py:151} INFO - Record Inserted !!
[2024-12-24T08:08:00.840+0000] {logging_mixin.py:151} INFO - Record Inserted !!
[2024-12-24T08:08:01.451+0000] {logging_mixin.py:151} INFO - Record Inserted !!
[2024-12-24T08:08:02.096+0000] {logging_mixin.py:151} INFO - Record Inserted !!
[2024-12-24T08:08:02.703+0000] {logging_mixin.py:151} INFO - Record Inserted !!
[2024-12-24T08:08:03.366+0000] {logging_mixin.py:151} INFO - Record Inserted !!
[2024-12-24T08:08:03.982+0000] {logging_mixin.py:151} INFO - Record Inserted !!
[2024-12-24T08:08:04.599+0000] {logging_mixin.py:151} INFO - Record Inserted !!
[2024-12-24T08:08:05.430+0000] {logging_mixin.py:151} INFO - Record Inserted !!
[2024-12-24T08:08:06.033+0000] {logging_mixin.py:151} INFO - Record Inserted !!
[2024-12-24T08:08:07.421+0000] {logging_mixin.py:151} INFO - Record Inserted !!
[2024-12-24T08:08:08.057+0000] {logging_mixin.py:151} INFO - Record Inserted !!
[2024-12-24T08:08:08.681+0000] {logging_mixin.py:151} INFO - Record Inserted !!
[2024-12-24T08:08:09.330+0000] {logging_mixin.py:151} INFO - Record Inserted !!
[2024-12-24T08:08:09.928+0000] {logging_mixin.py:151} INFO - Record Inserted !!
[2024-12-24T08:08:10.544+0000] {logging_mixin.py:151} INFO - Record Inserted !!
[2024-12-24T08:08:11.196+0000] {logging_mixin.py:151} INFO - Record Inserted !!
[2024-12-24T08:08:11.821+0000] {logging_mixin.py:151} INFO - Record Inserted !!
[2024-12-24T08:08:12.436+0000] {logging_mixin.py:151} INFO - Record Inserted !!
[2024-12-24T08:08:13.055+0000] {logging_mixin.py:151} INFO - Record Inserted !!
[2024-12-24T08:08:13.725+0000] {logging_mixin.py:151} INFO - Record Inserted !!
[2024-12-24T08:08:14.337+0000] {logging_mixin.py:151} INFO - Record Inserted !!
[2024-12-24T08:08:14.962+0000] {logging_mixin.py:151} INFO - Record Inserted !!
[2024-12-24T08:08:15.561+0000] {logging_mixin.py:151} INFO - Record Inserted !!
[2024-12-24T08:08:16.199+0000] {logging_mixin.py:151} INFO - Record Inserted !!
[2024-12-24T08:08:16.813+0000] {logging_mixin.py:151} INFO - Record Inserted !!
[2024-12-24T08:08:17.466+0000] {logging_mixin.py:151} INFO - Record Inserted !!
[2024-12-24T08:08:18.080+0000] {logging_mixin.py:151} INFO - Record Inserted !!
[2024-12-24T08:08:18.686+0000] {logging_mixin.py:151} INFO - Record Inserted !!
[2024-12-24T08:08:19.323+0000] {logging_mixin.py:151} INFO - Record Inserted !!
[2024-12-24T08:08:19.939+0000] {logging_mixin.py:151} INFO - Record Inserted !!
[2024-12-24T08:08:20.557+0000] {logging_mixin.py:151} INFO - Record Inserted !!
[2024-12-24T08:08:21.174+0000] {logging_mixin.py:151} INFO - Record Inserted !!
[2024-12-24T08:08:21.780+0000] {logging_mixin.py:151} INFO - Record Inserted !!
[2024-12-24T08:08:22.398+0000] {logging_mixin.py:151} INFO - Record Inserted !!
[2024-12-24T08:08:23.022+0000] {logging_mixin.py:151} INFO - Record Inserted !!
[2024-12-24T08:08:23.631+0000] {logging_mixin.py:151} INFO - Record Inserted !!
[2024-12-24T08:08:24.261+0000] {logging_mixin.py:151} INFO - Record Inserted !!
[2024-12-24T08:08:24.884+0000] {logging_mixin.py:151} INFO - Record Inserted !!
[2024-12-24T08:08:25.490+0000] {logging_mixin.py:151} INFO - Record Inserted !!
[2024-12-24T08:08:26.423+0000] {logging_mixin.py:151} INFO - Record Inserted !!
[2024-12-24T08:08:27.064+0000] {logging_mixin.py:151} INFO - Record Inserted !!
[2024-12-24T08:08:27.653+0000] {logging_mixin.py:151} INFO - Record Inserted !!
[2024-12-24T08:08:28.252+0000] {logging_mixin.py:151} INFO - Record Inserted !!
[2024-12-24T08:08:28.872+0000] {logging_mixin.py:151} INFO - Record Inserted !!
[2024-12-24T08:08:29.473+0000] {logging_mixin.py:151} INFO - Record Inserted !!
[2024-12-24T08:08:30.092+0000] {logging_mixin.py:151} INFO - Record Inserted !!
[2024-12-24T08:08:30.690+0000] {logging_mixin.py:151} INFO - Record Inserted !!
[2024-12-24T08:08:31.317+0000] {logging_mixin.py:151} INFO - Record Inserted !!
[2024-12-24T08:08:31.950+0000] {logging_mixin.py:151} INFO - Record Inserted !!
[2024-12-24T08:08:32.557+0000] {logging_mixin.py:151} INFO - Record Inserted !!
[2024-12-24T08:08:33.187+0000] {logging_mixin.py:151} INFO - Record Inserted !!
[2024-12-24T08:08:33.797+0000] {logging_mixin.py:151} INFO - Record Inserted !!
[2024-12-24T08:08:34.426+0000] {logging_mixin.py:151} INFO - Record Inserted !!
[2024-12-24T08:08:35.045+0000] {logging_mixin.py:151} INFO - Record Inserted !!
[2024-12-24T08:08:35.663+0000] {logging_mixin.py:151} INFO - Record Inserted !!
[2024-12-24T08:08:36.263+0000] {logging_mixin.py:151} INFO - Record Inserted !!
[2024-12-24T08:08:36.875+0000] {logging_mixin.py:151} INFO - Record Inserted !!
[2024-12-24T08:08:37.494+0000] {logging_mixin.py:151} INFO - Record Inserted !!
[2024-12-24T08:08:38.101+0000] {logging_mixin.py:151} INFO - Record Inserted !!
[2024-12-24T08:08:38.715+0000] {logging_mixin.py:151} INFO - Record Inserted !!
[2024-12-24T08:08:40.135+0000] {logging_mixin.py:151} INFO - Record Inserted !!
[2024-12-24T08:08:41.002+0000] {logging_mixin.py:151} INFO - Record Inserted !!
[2024-12-24T08:08:41.602+0000] {logging_mixin.py:151} INFO - Record Inserted !!
[2024-12-24T08:08:42.238+0000] {logging_mixin.py:151} INFO - Record Inserted !!
[2024-12-24T08:08:42.832+0000] {logging_mixin.py:151} INFO - Record Inserted !!
[2024-12-24T08:08:43.459+0000] {logging_mixin.py:151} INFO - Record Inserted !!
[2024-12-24T08:08:44.342+0000] {logging_mixin.py:151} INFO - Record Inserted !!
[2024-12-24T08:08:45.015+0000] {logging_mixin.py:151} INFO - Record Inserted !!
[2024-12-24T08:08:45.661+0000] {logging_mixin.py:151} INFO - Record Inserted !!
[2024-12-24T08:08:46.280+0000] {logging_mixin.py:151} INFO - Record Inserted !!
[2024-12-24T08:08:46.895+0000] {logging_mixin.py:151} INFO - Record Inserted !!
[2024-12-24T08:08:47.517+0000] {logging_mixin.py:151} INFO - Record Inserted !!
[2024-12-24T08:08:48.125+0000] {logging_mixin.py:151} INFO - Record Inserted !!
[2024-12-24T08:08:48.937+0000] {logging_mixin.py:151} INFO - Record Inserted !!
[2024-12-24T08:08:49.538+0000] {logging_mixin.py:151} INFO - Record Inserted !!
[2024-12-24T08:08:50.143+0000] {logging_mixin.py:151} INFO - Record Inserted !!
[2024-12-24T08:08:50.745+0000] {logging_mixin.py:151} INFO - Record Inserted !!
[2024-12-24T08:08:51.369+0000] {logging_mixin.py:151} INFO - Record Inserted !!
[2024-12-24T08:08:51.987+0000] {logging_mixin.py:151} INFO - Record Inserted !!
[2024-12-24T08:08:52.619+0000] {logging_mixin.py:151} INFO - Record Inserted !!
[2024-12-24T08:08:53.227+0000] {logging_mixin.py:151} INFO - Record Inserted !!
[2024-12-24T08:08:53.848+0000] {logging_mixin.py:151} INFO - Record Inserted !!
[2024-12-24T08:08:54.468+0000] {logging_mixin.py:151} INFO - Record Inserted !!
[2024-12-24T08:08:55.095+0000] {logging_mixin.py:151} INFO - Record Inserted !!
[2024-12-24T08:08:55.721+0000] {logging_mixin.py:151} INFO - Record Inserted !!
[2024-12-24T08:08:56.450+0000] {logging_mixin.py:151} INFO - Record Inserted !!
[2024-12-24T08:08:57.115+0000] {logging_mixin.py:151} INFO - Record Inserted !!
[2024-12-24T08:08:57.736+0000] {logging_mixin.py:151} INFO - Record Inserted !!
[2024-12-24T08:08:58.364+0000] {logging_mixin.py:151} INFO - Record Inserted !!
[2024-12-24T08:08:58.963+0000] {logging_mixin.py:151} INFO - Record Inserted !!
[2024-12-24T08:09:00.102+0000] {logging_mixin.py:151} INFO - Record Inserted !!
[2024-12-24T08:09:00.726+0000] {logging_mixin.py:151} INFO - Record Inserted !!
[2024-12-24T08:09:01.386+0000] {logging_mixin.py:151} INFO - Record Inserted !!
[2024-12-24T08:09:02.259+0000] {logging_mixin.py:151} INFO - Record Inserted !!
[2024-12-24T08:09:03.347+0000] {logging_mixin.py:151} INFO - Record Inserted !!
[2024-12-24T08:09:03.981+0000] {logging_mixin.py:151} INFO - Record Inserted !!
[2024-12-24T08:09:04.597+0000] {logging_mixin.py:151} INFO - Record Inserted !!
[2024-12-24T08:09:05.228+0000] {logging_mixin.py:151} INFO - Record Inserted !!
[2024-12-24T08:09:05.861+0000] {logging_mixin.py:151} INFO - Record Inserted !!
[2024-12-24T08:09:06.485+0000] {logging_mixin.py:151} INFO - Record Inserted !!
[2024-12-24T08:09:07.107+0000] {logging_mixin.py:151} INFO - Record Inserted !!
[2024-12-24T08:09:07.720+0000] {logging_mixin.py:151} INFO - Record Inserted !!
[2024-12-24T08:09:08.355+0000] {logging_mixin.py:151} INFO - Record Inserted !!
[2024-12-24T08:09:09.056+0000] {logging_mixin.py:151} INFO - Record Inserted !!
[2024-12-24T08:09:09.656+0000] {logging_mixin.py:151} INFO - Record Inserted !!
[2024-12-24T08:09:10.264+0000] {logging_mixin.py:151} INFO - Record Inserted !!
[2024-12-24T08:09:11.279+0000] {logging_mixin.py:151} INFO - Record Inserted !!
[2024-12-24T08:09:12.923+0000] {logging_mixin.py:151} INFO - Record Inserted !!
[2024-12-24T08:09:13.541+0000] {logging_mixin.py:151} INFO - Record Inserted !!
[2024-12-24T08:09:14.172+0000] {logging_mixin.py:151} INFO - Record Inserted !!
[2024-12-24T08:09:14.775+0000] {logging_mixin.py:151} INFO - Record Inserted !!
[2024-12-24T08:09:15.377+0000] {logging_mixin.py:151} INFO - Record Inserted !!
[2024-12-24T08:09:16.002+0000] {logging_mixin.py:151} INFO - Record Inserted !!
[2024-12-24T08:09:16.633+0000] {logging_mixin.py:151} INFO - Record Inserted !!
[2024-12-24T08:09:17.261+0000] {logging_mixin.py:151} INFO - Record Inserted !!
[2024-12-24T08:09:17.864+0000] {logging_mixin.py:151} INFO - Record Inserted !!
[2024-12-24T08:09:18.483+0000] {logging_mixin.py:151} INFO - Record Inserted !!
[2024-12-24T08:09:19.107+0000] {logging_mixin.py:151} INFO - Record Inserted !!
[2024-12-24T08:09:20.180+0000] {logging_mixin.py:151} INFO - Record Inserted !!
[2024-12-24T08:09:20.814+0000] {logging_mixin.py:151} INFO - Record Inserted !!
[2024-12-24T08:09:21.434+0000] {logging_mixin.py:151} INFO - Record Inserted !!
[2024-12-24T08:09:22.057+0000] {logging_mixin.py:151} INFO - Record Inserted !!
[2024-12-24T08:09:22.670+0000] {logging_mixin.py:151} INFO - Record Inserted !!
[2024-12-24T08:09:23.282+0000] {logging_mixin.py:151} INFO - Record Inserted !!
[2024-12-24T08:09:23.902+0000] {logging_mixin.py:151} INFO - Record Inserted !!
[2024-12-24T08:09:24.499+0000] {logging_mixin.py:151} INFO - Record Inserted !!
[2024-12-24T08:09:25.101+0000] {logging_mixin.py:151} INFO - Record Inserted !!
[2024-12-24T08:09:25.767+0000] {logging_mixin.py:151} INFO - Record Inserted !!
[2024-12-24T08:09:26.388+0000] {logging_mixin.py:151} INFO - Record Inserted !!
[2024-12-24T08:09:26.988+0000] {logging_mixin.py:151} INFO - Record Inserted !!
[2024-12-24T08:09:27.596+0000] {logging_mixin.py:151} INFO - Record Inserted !!
[2024-12-24T08:09:28.199+0000] {logging_mixin.py:151} INFO - Record Inserted !!
[2024-12-24T08:09:28.804+0000] {logging_mixin.py:151} INFO - Record Inserted !!
[2024-12-24T08:09:29.808+0000] {logging_mixin.py:151} INFO - Record Inserted !!
[2024-12-24T08:09:30.459+0000] {logging_mixin.py:151} INFO - Record Inserted !!
[2024-12-24T08:09:31.061+0000] {logging_mixin.py:151} INFO - Record Inserted !!
[2024-12-24T08:09:31.710+0000] {logging_mixin.py:151} INFO - Record Inserted !!
[2024-12-24T08:09:32.313+0000] {logging_mixin.py:151} INFO - Record Inserted !!
[2024-12-24T08:09:32.920+0000] {logging_mixin.py:151} INFO - Record Inserted !!
[2024-12-24T08:09:33.524+0000] {logging_mixin.py:151} INFO - Record Inserted !!
[2024-12-24T08:09:34.138+0000] {logging_mixin.py:151} INFO - Record Inserted !!
[2024-12-24T08:09:34.752+0000] {logging_mixin.py:151} INFO - Record Inserted !!
[2024-12-24T08:09:35.359+0000] {logging_mixin.py:151} INFO - Record Inserted !!
[2024-12-24T08:09:35.967+0000] {logging_mixin.py:151} INFO - Record Inserted !!
[2024-12-24T08:09:36.596+0000] {logging_mixin.py:151} INFO - Record Inserted !!
[2024-12-24T08:09:37.254+0000] {logging_mixin.py:151} INFO - Record Inserted !!
[2024-12-24T08:09:37.876+0000] {logging_mixin.py:151} INFO - Record Inserted !!
[2024-12-24T08:09:38.490+0000] {logging_mixin.py:151} INFO - Record Inserted !!
[2024-12-24T08:09:39.840+0000] {logging_mixin.py:151} INFO - Record Inserted !!
[2024-12-24T08:09:40.894+0000] {logging_mixin.py:151} INFO - Record Inserted !!
[2024-12-24T08:09:41.491+0000] {logging_mixin.py:151} INFO - Record Inserted !!
[2024-12-24T08:09:42.086+0000] {logging_mixin.py:151} INFO - Record Inserted !!
[2024-12-24T08:09:43.219+0000] {logging_mixin.py:151} INFO - Record Inserted !!
[2024-12-24T08:09:43.832+0000] {logging_mixin.py:151} INFO - Record Inserted !!
[2024-12-24T08:09:44.461+0000] {logging_mixin.py:151} INFO - Record Inserted !!
[2024-12-24T08:09:45.727+0000] {logging_mixin.py:151} INFO - Record Inserted !!
[2024-12-24T08:09:46.353+0000] {logging_mixin.py:151} INFO - Record Inserted !!
[2024-12-24T08:09:46.986+0000] {logging_mixin.py:151} INFO - Record Inserted !!
[2024-12-24T08:09:47.590+0000] {logging_mixin.py:151} INFO - Record Inserted !!
[2024-12-24T08:09:48.224+0000] {logging_mixin.py:151} INFO - Record Inserted !!
[2024-12-24T08:09:48.835+0000] {logging_mixin.py:151} INFO - Record Inserted !!
[2024-12-24T08:09:49.444+0000] {logging_mixin.py:151} INFO - Record Inserted !!
[2024-12-24T08:09:50.065+0000] {logging_mixin.py:151} INFO - Record Inserted !!
[2024-12-24T08:09:50.773+0000] {logging_mixin.py:151} INFO - Record Inserted !!
[2024-12-24T08:09:51.365+0000] {logging_mixin.py:151} INFO - Record Inserted !!
[2024-12-24T08:09:51.953+0000] {logging_mixin.py:151} INFO - Record Inserted !!
[2024-12-24T08:09:52.559+0000] {logging_mixin.py:151} INFO - Record Inserted !!
[2024-12-24T08:09:53.195+0000] {logging_mixin.py:151} INFO - Record Inserted !!
[2024-12-24T08:09:53.813+0000] {logging_mixin.py:151} INFO - Record Inserted !!
[2024-12-24T08:09:54.442+0000] {logging_mixin.py:151} INFO - Record Inserted !!
[2024-12-24T08:09:55.045+0000] {logging_mixin.py:151} INFO - Record Inserted !!
[2024-12-24T08:09:55.663+0000] {logging_mixin.py:151} INFO - Record Inserted !!
[2024-12-24T08:09:56.272+0000] {logging_mixin.py:151} INFO - Record Inserted !!
[2024-12-24T08:09:56.880+0000] {logging_mixin.py:151} INFO - Record Inserted !!
[2024-12-24T08:09:57.483+0000] {logging_mixin.py:151} INFO - Record Inserted !!
[2024-12-24T08:09:58.093+0000] {logging_mixin.py:151} INFO - Record Inserted !!
[2024-12-24T08:09:58.729+0000] {logging_mixin.py:151} INFO - Record Inserted !!
[2024-12-24T08:09:59.343+0000] {logging_mixin.py:151} INFO - Record Inserted !!
[2024-12-24T08:09:59.951+0000] {logging_mixin.py:151} INFO - Record Inserted !!
[2024-12-24T08:10:00.561+0000] {logging_mixin.py:151} INFO - Record Inserted !!
[2024-12-24T08:10:01.215+0000] {logging_mixin.py:151} INFO - Record Inserted !!
[2024-12-24T08:10:01.863+0000] {logging_mixin.py:151} INFO - Record Inserted !!
[2024-12-24T08:10:02.509+0000] {logging_mixin.py:151} INFO - Record Inserted !!
[2024-12-24T08:10:03.163+0000] {logging_mixin.py:151} INFO - Record Inserted !!
[2024-12-24T08:10:05.159+0000] {logging_mixin.py:151} INFO - Record Inserted !!
[2024-12-24T08:10:06.155+0000] {logging_mixin.py:151} INFO - Record Inserted !!
[2024-12-24T08:10:06.796+0000] {logging_mixin.py:151} INFO - Record Inserted !!
[2024-12-24T08:10:07.430+0000] {logging_mixin.py:151} INFO - Record Inserted !!
[2024-12-24T08:10:07.435+0000] {conn.py:919} INFO - <BrokerConnection node_id=1 host=broker:29092 <connected> [IPv4 ('172.19.0.8', 29092)]>: Closing connection. 
[2024-12-24T08:10:07.446+0000] {python.py:194} INFO - Done. Returned value was: None
[2024-12-24T08:10:07.508+0000] {taskinstance.py:1400} INFO - Marking task as SUCCESS. dag_id=user_automation, task_id=stream_data_from_api, execution_date=20241223T000000, start_date=20241224T080501, end_date=20241224T081007
[2024-12-24T08:10:07.552+0000] {local_task_job_runner.py:228} INFO - Task exited with return code 0
[2024-12-24T08:10:07.579+0000] {taskinstance.py:2784} INFO - 0 downstream tasks scheduled from follow-on schedule check
